<?xml version="1.0" encoding="UTF-8"?>
<testsuites name="viphakonemonty" time="25.706" tests="1" failures="0" errors="0">
   <testsuite name="viphakonemonty" tests="1" failures="0" errors="0" time="25.706" skipped="0" timestamp="19-02-2024T10:21:27" hostname="vip - host.docker.internal" id="Test Suites/viphakonemonty">
      <properties>
         <property name="deviceName" value=""/>
         <property name="devicePlatform" value=""/>
         <property name="logFolder" value="C:\\Users\\Owner\\Desktop\\Katalon\\connecting to Github\\vipmonty24\\katalon2github\\Reports\\20240219_102117\\viphakonemonty\\20240219_102117"/>
         <property name="logFiles" value="C:\\Users\\Owner\\Desktop\\Katalon\\connecting to Github\\vipmonty24\\katalon2github\\Reports\\20240219_102117\\viphakonemonty\\20240219_102117\\execution0.log"/>
         <property name="attachments" value=""/>
         <property name="hostName" value="vip - host.docker.internal"/>
         <property name="os" value="Windows 10 64bit"/>
         <property name="katalonVersion" value="9.3.0.212"/>
         <property name="browser" value="Chrome 121.0.0.0"/>
         <property name="hostAddress" value="10.0.0.250"/>
         <property name="sessionId" value="1d7e9ec80a1652ba611b8ddf2fe9a353"/>
         <property name="seleniumVersion" value="3.141.59"/>
         <property name="proxyInformation" value="ProxyInformation { proxyOption=NO_PROXY, proxyServerType=HTTP, username=, password=********, proxyServerAddress=, proxyServerPort=0, executionList=&quot;&quot;, isApplyToDesiredCapabilities=true }"/>
         <property name="platform" value="Windows 10"/>
      </properties>
      <testcase name="Test Cases/login" time="24.977" classname="Test Cases/login" status="PASSED">
         <system-out><![CDATA[19-02-2024T10:21:28 - [TEST_CASE][PASSED] - Test Cases/login: Test Cases/login

19-02-2024T10:21:28 - [TEST_STEP][PASSED] - openBrowser("https://www.google.com"): Browser is opened with url: 'https://www.google.com'

19-02-2024T10:21:29 - [MESSAGE][INFO] - Starting 'Chrome' driver

19-02-2024T10:21:29 - [MESSAGE][INFO] - Action delay is set to 0 milliseconds

19-02-2024T10:21:52 - [MESSAGE][PASSED] - Browser is opened with url: 'https://www.google.com'

19-02-2024T10:21:52 - [TEST_STEP][PASSED] - closeBrowser(): Browser is closed

19-02-2024T10:21:53 - [MESSAGE][PASSED] - Browser is closed]]></system-out>
         <system-err><![CDATA[]]></system-err>
      </testcase>
      <system-out><![CDATA[19-02-2024T10:21:27 - [TEST_SUITE][PASSED] - viphakonemonty: Test Cases/login]]></system-out>
      <system-err><![CDATA[]]></system-err>
   </testsuite>
</testsuites>
